TN:
SF:/Users/noslav/Documents/SimpleToken/temp/openst-protocol/contracts/BrandedToken.sol
FN:65,
FN:99,claim
FN:120,mint
FN:143,burn
FNF:4
FNH:4
FNDA:17,
FNDA:7,claim
FNDA:9,mint
FNDA:9,burn
DA:104,7
DA:106,7
DA:127,9
DA:129,9
DA:152,9
DA:154,8
DA:156,8
LF:7
LH:7
BRDA:152,1,0,8
BRDA:152,1,1,1
BRF:2
BRH:2
end_of_record
TN:
SF:/Users/noslav/Documents/SimpleToken/temp/openst-protocol/contracts/BytesLib.sol
FN:4,concat
FN:75,slice
FN:133,leftPad
FN:138,toBytes32
FN:146,fromBytes32
FN:154,toUint
FN:163,toAddress
FNF:7
FNH:2
FNDA:38,concat
FNDA:0,slice
FNDA:20,leftPad
FNDA:0,toBytes32
FNDA:0,fromBytes32
FNDA:0,toUint
FNDA:0,toAddress
DA:5,38
DA:7,38
DA:72,38
DA:76,0
DA:78,0
DA:80,0
DA:129,0
DA:134,20
DA:135,20
DA:139,0
DA:140,0
DA:141,0
DA:143,0
DA:147,0
DA:148,0
DA:149,0
DA:151,0
DA:155,0
DA:156,0
DA:157,0
DA:160,0
DA:164,0
DA:165,0
DA:167,0
DA:171,0
LF:25
LH:5
BRDA:76,1,0,0
BRDA:76,1,1,0
BRDA:155,2,0,0
BRDA:155,2,1,0
BRDA:164,3,0,0
BRDA:164,3,1,0
BRF:6
BRH:0
end_of_record
TN:
SF:/Users/noslav/Documents/SimpleToken/temp/openst-protocol/contracts/Core.sol
FN:77,onlyWorker
FN:108,
FN:145,registrar
FN:158,chainIdRemote
FN:171,openSTRemote
FN:188,safeUnlockHeight
FN:203,getStateRoot
FN:219,getStorageRoot
FN:233,getLatestStateRootBlockHeight
FN:255,commitStateRoot
FN:292,proveOpenST
FNF:11
FNH:10
FNDA:10,onlyWorker
FNDA:76,
FNDA:1,registrar
FNDA:55,chainIdRemote
FNDA:91,openSTRemote
FNDA:0,safeUnlockHeight
FNDA:1,getStateRoot
FNDA:1,getStorageRoot
FNDA:2,getLatestStateRootBlockHeight
FNDA:9,commitStateRoot
FNDA:12,proveOpenST
DA:79,10
DA:80,9
DA:119,76
DA:120,76
DA:121,76
DA:122,76
DA:123,76
DA:124,76
DA:125,76
DA:126,76
DA:127,76
DA:128,76
DA:129,76
DA:130,76
DA:131,76
DA:133,76
DA:134,76
DA:135,76
DA:149,1
DA:161,55
DA:173,91
DA:189,0
DA:204,1
DA:219,1
DA:231,2
DA:256,9
DA:258,8
DA:260,6
DA:261,6
DA:263,6
DA:265,6
DA:293,12
DA:295,11
DA:297,10
DA:299,10
DA:302,9
DA:304,9
DA:306,8
DA:308,8
DA:311,8
DA:313,8
DA:315,2
DA:317,2
DA:319,2
DA:323,6
DA:326,6
DA:328,6
DA:330,6
LF:48
LH:47
BRDA:79,1,0,9
BRDA:79,1,1,1
BRDA:119,2,0,76
BRDA:119,2,1,0
BRDA:120,3,0,76
BRDA:120,3,1,0
BRDA:121,4,0,76
BRDA:121,4,1,0
BRDA:122,5,0,76
BRDA:122,5,1,0
BRDA:123,6,0,76
BRDA:123,6,1,0
BRDA:124,7,0,76
BRDA:124,7,1,0
BRDA:263,8,0,8
BRDA:263,8,1,1
BRDA:265,9,0,6
BRDA:265,9,1,2
BRDA:300,10,0,11
BRDA:300,10,1,1
BRDA:302,11,0,10
BRDA:302,11,1,1
BRDA:306,12,0,9
BRDA:306,12,1,1
BRDA:320,13,0,2
BRDA:320,13,1,6
BRDA:322,14,0,2
BRDA:322,14,1,0
BRDA:330,15,0,6
BRDA:330,15,1,0
BRF:30
BRH:22
end_of_record
TN:
SF:/Users/noslav/Documents/SimpleToken/temp/openst-protocol/contracts/CoreInterface.sol
FNF:0
FNH:0
LF:0
LH:0
BRF:0
BRH:0
end_of_record
TN:
SF:/Users/noslav/Documents/SimpleToken/temp/openst-protocol/contracts/EIP20Interface.sol
FNF:0
FNH:0
LF:0
LH:0
BRF:0
BRH:0
end_of_record
TN:
SF:/Users/noslav/Documents/SimpleToken/temp/openst-protocol/contracts/EIP20Token.sol
FN:49,
FN:61,name
FN:70,symbol
FN:79,decimals
FN:90,balanceOf
FN:102,allowance
FN:117,transfer
FN:142,transferFrom
FN:164,approve
FN:185,claimEIP20
FN:204,mintEIP20
FN:220,burnEIP20
FNF:12
FNH:9
FNDA:18,
FNDA:0,name
FNDA:0,symbol
FNDA:0,decimals
FNDA:34,balanceOf
FNDA:10,allowance
FNDA:6,transfer
FNDA:9,transferFrom
FNDA:10,approve
FNDA:11,claimEIP20
FNDA:13,mintEIP20
FNDA:12,burnEIP20
DA:51,18
DA:52,18
DA:53,18
DA:62,0
DA:71,0
DA:80,0
DA:91,34
DA:103,10
DA:121,6
DA:122,6
DA:124,6
DA:126,6
DA:143,9
DA:144,9
DA:145,9
DA:147,9
DA:149,9
DA:166,10
DA:168,10
DA:170,10
DA:187,11
DA:188,11
DA:190,11
DA:192,11
DA:206,13
DA:208,13
DA:221,12
DA:223,12
LF:28
LH:25
BRF:0
BRH:0
end_of_record
TN:
SF:/Users/noslav/Documents/SimpleToken/temp/openst-protocol/contracts/Gateway.sol
FN:89,
FN:118,requestStake
FN:153,revertStakeRequest
FN:187,rejectStakeRequest
FN:229,acceptStakeRequest
FN:287,processStaking
FN:340,revertStaking
FN:386,setWorkers
FNF:8
FNH:8
FNDA:36,
FNDA:93,requestStake
FNDA:13,revertStakeRequest
FNDA:18,rejectStakeRequest
FNDA:58,acceptStakeRequest
FNDA:23,processStaking
FNDA:880,revertStaking
FNDA:2,setWorkers
DA:98,36
DA:99,36
DA:101,36
DA:102,36
DA:103,36
DA:125,93
DA:126,91
DA:129,89
DA:131,60
DA:133,58
DA:140,58
DA:142,58
DA:158,13
DA:161,13
DA:164,8
DA:166,6
DA:168,6
DA:169,6
DA:171,6
DA:173,6
DA:192,18
DA:194,18
DA:197,18
DA:200,10
DA:203,8
DA:205,8
DA:207,8
DA:209,8
DA:211,8
DA:238,58
DA:240,56
DA:243,56
DA:246,48
DA:249,34
DA:252,34
DA:255,34
DA:258,34
DA:266,34
DA:268,34
DA:269,34
DA:271,34
DA:273,34
DA:293,23
DA:298,21
DA:300,21
DA:303,21
DA:306,10
DA:309,10
DA:312,6
DA:316,6
DA:318,4
DA:321,2
DA:323,6
DA:325,6
DA:327,6
DA:346,880
DA:351,770
DA:353,770
DA:356,770
DA:359,218
DA:361,218
DA:362,218
DA:365,2
DA:367,2
DA:369,2
DA:372,2
DA:374,2
DA:391,2
DA:394,2
DA:396,2
LF:70
LH:70
BRDA:98,1,0,36
BRDA:98,1,1,0
BRDA:99,2,0,36
BRDA:99,2,1,0
BRDA:125,3,0,91
BRDA:125,3,1,2
BRDA:126,4,0,89
BRDA:126,4,1,2
BRDA:129,5,0,60
BRDA:129,5,1,29
BRDA:131,6,0,58
BRDA:131,6,1,2
BRDA:161,7,0,8
BRDA:161,7,1,5
BRDA:164,8,0,6
BRDA:164,8,1,2
BRDA:166,9,0,6
BRDA:166,9,1,0
BRDA:192,10,0,18
BRDA:192,10,1,0
BRDA:197,11,0,10
BRDA:197,11,1,8
BRDA:200,12,0,8
BRDA:200,12,1,2
BRDA:203,13,0,8
BRDA:203,13,1,0
BRDA:238,14,0,56
BRDA:238,14,1,2
BRDA:243,15,0,48
BRDA:243,15,1,8
BRDA:246,16,0,34
BRDA:246,16,1,14
BRDA:249,17,0,34
BRDA:249,17,1,0
BRDA:252,18,0,34
BRDA:252,18,1,0
BRDA:255,19,0,34
BRDA:255,19,1,0
BRDA:266,20,0,34
BRDA:266,20,1,0
BRDA:293,21,0,21
BRDA:293,21,1,2
BRDA:303,22,0,10
BRDA:303,22,1,11
BRDA:306,23,0,10
BRDA:306,23,1,0
BRDA:312,24,0,6
BRDA:312,24,1,0
BRDA:316,25,0,4
BRDA:316,25,1,2
BRDA:318,26,0,4
BRDA:318,26,1,0
BRDA:321,27,0,2
BRDA:321,27,1,0
BRDA:346,28,0,770
BRDA:346,28,1,110
BRDA:356,29,0,218
BRDA:356,29,1,552
BRDA:359,30,0,218
BRDA:359,30,1,0
BRDA:365,31,0,2
BRDA:365,31,1,0
BRDA:367,32,0,2
BRDA:367,32,1,0
BRDA:369,33,0,2
BRDA:369,33,1,0
BRF:66
BRH:49
end_of_record
TN:
SF:/Users/noslav/Documents/SimpleToken/temp/openst-protocol/contracts/Hasher.sol
FN:47,hashUuid
FN:84,hashStakingIntent
FN:122,hashRedemptionIntent
FN:153,hashIntentKey
FNF:4
FNH:4
FNDA:244,hashUuid
FNDA:156,hashStakingIntent
FNDA:95,hashRedemptionIntent
FNDA:159,hashIntentKey
DA:58,244
DA:95,156
DA:131,95
DA:156,159
LF:4
LH:4
BRF:0
BRH:0
end_of_record
TN:
SF:/Users/noslav/Documents/SimpleToken/temp/openst-protocol/contracts/MerklePatriciaProof.sol
FN:21,verify
FN:76,verifyDebug
FN:143,_nibblesToTraverse
FN:166,_getNibbleArray
FN:189,_getNibbleArray2
FN:195,_getNthNibbleOfBytes
FNF:6
FNH:5
FNDA:29,verify
FNDA:0,verifyDebug
FNDA:21,_nibblesToTraverse
FNDA:21,_getNibbleArray
FNDA:29,_getNibbleArray2
FNDA:3139,_getNthNibbleOfBytes
DA:22,29
DA:23,29
DA:25,29
DA:26,29
DA:28,29
DA:29,29
DA:31,29
DA:32,29
DA:34,29
DA:35,86
DA:37,86
DA:38,86
DA:39,77
DA:41,77
DA:42,59
DA:43,0
DA:44,0
DA:46,0
DA:50,59
DA:51,59
DA:52,59
DA:53,57
DA:55,18
DA:57,18
DA:58,15
DA:59,11
DA:61,4
DA:65,3
DA:66,3
DA:69,0
DA:71,0
DA:77,0
DA:78,0
DA:80,0
DA:81,0
DA:83,0
DA:84,0
DA:86,0
DA:87,0
DA:88,0
DA:90,0
DA:91,0
DA:93,0
DA:94,0
DA:95,0
DA:97,0
DA:99,0
DA:100,0
DA:101,0
DA:104,0
DA:105,0
DA:109,0
DA:110,0
DA:111,0
DA:112,0
DA:113,0
DA:114,0
DA:116,0
DA:118,0
DA:119,0
DA:122,0
DA:123,0
DA:127,0
DA:128,0
DA:129,0
DA:130,0
DA:133,0
DA:135,0
DA:136,0
DA:139,0
DA:140,0
DA:144,21
DA:147,21
DA:148,21
DA:152,21
DA:153,1286
DA:154,1286
DA:157,21
DA:158,15
DA:160,6
DA:162,21
DA:167,21
DA:168,21
DA:169,21
DA:170,21
DA:171,21
DA:172,16
DA:173,16
DA:174,16
DA:175,16
DA:177,5
DA:178,5
DA:181,21
DA:182,1270
DA:185,21
DA:190,29
DA:191,29
DA:192,29
DA:196,3139
LF:99
LH:54
BRDA:32,1,0,0
BRDA:32,1,1,29
BRDA:35,2,0,0
BRDA:35,2,1,86
BRDA:38,3,0,9
BRDA:38,3,1,77
BRDA:41,4,0,59
BRDA:41,4,1,18
BRDA:42,5,0,0
BRDA:42,5,1,59
BRDA:43,6,0,0
BRDA:43,6,1,0
BRDA:51,7,0,0
BRDA:51,7,1,59
BRDA:54,8,0,18
BRDA:54,8,1,0
BRDA:57,9,0,15
BRDA:57,9,1,3
BRDA:58,10,0,11
BRDA:58,10,1,4
BRDA:65,11,0,3
BRDA:65,11,1,0
BRDA:88,12,0,0
BRDA:88,12,1,0
BRDA:91,13,0,0
BRDA:91,13,1,0
BRDA:94,14,0,0
BRDA:94,14,1,0
BRDA:99,15,0,0
BRDA:99,15,1,0
BRDA:100,16,0,0
BRDA:100,16,1,0
BRDA:101,17,0,0
BRDA:101,17,1,0
BRDA:110,18,0,0
BRDA:110,18,1,0
BRDA:115,19,0,0
BRDA:115,19,1,0
BRDA:118,20,0,0
BRDA:118,20,1,0
BRDA:119,21,0,0
BRDA:119,21,1,0
BRDA:127,22,0,0
BRDA:127,22,1,0
BRDA:157,23,0,15
BRDA:157,23,1,6
BRDA:168,24,0,21
BRDA:168,24,1,0
BRDA:171,25,0,16
BRDA:171,25,1,5
BRF:50
BRH:19
end_of_record
TN:
SF:/Users/noslav/Documents/SimpleToken/temp/openst-protocol/contracts/MerklePatriciaProofTest.sol
FN:24,verifyAccount
FN:46,verifyStorage
FNF:2
FNH:2
FNDA:5,verifyAccount
FNDA:10,verifyStorage
DA:33,5
DA:55,10
LF:2
LH:2
BRF:0
BRH:0
end_of_record
TN:
SF:/Users/noslav/Documents/SimpleToken/temp/openst-protocol/contracts/MockToken.sol
FN:43,
FN:58,name
FN:63,symbol
FN:68,decimals
FN:73,totalSupply
FN:78,balanceOf
FN:83,allowance
FN:88,transfer
FN:101,transferFrom
FN:112,approve
FN:121,remove
FNF:11
FNH:10
FNDA:64,
FNDA:1,name
FNDA:1,symbol
FNDA:1,decimals
FNDA:1,totalSupply
FNDA:488,balanceOf
FNDA:4,allowance
FNDA:101,transfer
FNDA:158,transferFrom
FNDA:113,approve
FNDA:0,remove
DA:47,64
DA:48,64
DA:49,64
DA:50,64
DA:51,64
DA:55,64
DA:59,1
DA:64,1
DA:69,1
DA:74,1
DA:79,488
DA:84,4
DA:92,101
DA:93,99
DA:95,99
DA:97,99
DA:102,158
DA:103,158
DA:104,151
DA:106,151
DA:108,151
DA:114,113
DA:116,113
DA:118,113
DA:122,0
LF:25
LH:24
BRF:0
BRH:0
end_of_record
TN:
SF:/Users/noslav/Documents/SimpleToken/temp/openst-protocol/contracts/MockTokenConfig.sol
FNF:0
FNH:0
LF:0
LH:0
BRF:0
BRH:0
end_of_record
TN:
SF:/Users/noslav/Documents/SimpleToken/temp/openst-protocol/contracts/OpenSTUtility.sol
FN:152,onlyRegistrar
FN:158,
FN:230,confirmStakingIntent
FN:300,merkleVerificationOfStake
FN:322,processMinting
FN:353,revertMinting
FN:388,redeem
FN:453,redeemSTPrime
FN:506,processRedeeming
FN:544,revertRedemption
FN:594,proposeBrandedToken
FN:639,checkAvailability
FN:665,getUuidsSize
FN:671,registerBrandedToken
FN:732,initiateProtocolTransfer
FN:751,revokeProtocolTransfer
FNF:16
FNH:13
FNDA:18,onlyRegistrar
FNDA:20,
FNDA:73,confirmStakingIntent
FNDA:0,merkleVerificationOfStake
FNDA:14,processMinting
FNDA:12,revertMinting
FNDA:14,redeem
FNDA:7,redeemSTPrime
FNDA:15,processRedeeming
FNDA:6,revertRedemption
FNDA:19,proposeBrandedToken
FNDA:30,checkAvailability
FNDA:2,getUuidsSize
FNDA:17,registerBrandedToken
FNDA:0,initiateProtocolTransfer
FNDA:0,revokeProtocolTransfer
DA:154,18
DA:155,17
DA:167,20
DA:168,20
DA:169,20
DA:170,20
DA:171,20
DA:173,20
DA:174,20
DA:176,20
DA:177,20
DA:178,20
DA:179,20
DA:181,20
DA:190,20
DA:197,20
DA:202,20
DA:204,20
DA:205,20
DA:206,20
DA:207,20
DA:244,73
DA:246,72
DA:247,71
DA:248,70
DA:250,69
DA:252,68
DA:254,66
DA:255,66
DA:257,66
DA:267,66
DA:274,16
DA:283,16
DA:286,16
DA:310,0
DA:315,0
DA:328,14
DA:330,13
DA:333,13
DA:337,11
DA:339,11
DA:340,11
DA:341,11
DA:343,11
DA:345,11
DA:348,11
DA:350,11
DA:362,12
DA:364,11
DA:368,11
DA:369,11
DA:371,3
DA:372,3
DA:373,3
DA:374,3
DA:376,3
DA:378,3
DA:380,3
DA:399,14
DA:400,13
DA:401,12
DA:406,12
DA:407,11
DA:411,11
DA:413,10
DA:415,10
DA:416,9
DA:418,9
DA:420,9
DA:430,9
DA:442,9
DA:444,9
DA:447,9
DA:464,7
DA:465,6
DA:470,6
DA:471,5
DA:473,5
DA:474,5
DA:476,5
DA:486,5
DA:498,5
DA:500,5
DA:503,5
DA:513,15
DA:515,14
DA:518,14
DA:524,11
DA:525,11
DA:526,11
DA:528,11
DA:529,11
DA:531,11
DA:533,11
DA:536,11
DA:539,11
DA:541,11
DA:553,6
DA:555,5
DA:558,5
DA:559,3
DA:561,3
DA:562,3
DA:563,3
DA:564,3
DA:566,3
DA:568,0
DA:570,3
DA:572,3
DA:575,3
DA:577,3
DA:580,3
DA:582,3
DA:602,19
DA:603,18
DA:604,17
DA:605,16
DA:607,16
DA:608,16
DA:609,16
DA:611,16
DA:620,16
DA:631,16
DA:633,16
DA:636,16
DA:648,30
DA:649,30
DA:655,30
DA:656,30
DA:658,30
DA:660,0
DA:666,2
DA:683,17
DA:684,16
DA:685,15
DA:686,14
DA:688,14
DA:689,14
DA:690,14
DA:692,14
DA:701,14
DA:702,13
DA:704,13
DA:706,13
DA:712,13
DA:714,13
DA:715,13
DA:717,13
DA:720,13
DA:739,0
DA:741,0
DA:757,0
DA:759,0
LF:153
LH:145
BRDA:154,1,0,17
BRDA:154,1,1,1
BRDA:167,2,0,20
BRDA:167,2,1,0
BRDA:168,3,0,20
BRDA:168,3,1,0
BRDA:169,4,0,20
BRDA:169,4,1,0
BRDA:170,5,0,20
BRDA:170,5,1,0
BRDA:171,6,0,20
BRDA:171,6,1,0
BRDA:244,7,0,72
BRDA:244,7,1,1
BRDA:246,8,0,71
BRDA:246,8,1,1
BRDA:247,9,0,70
BRDA:247,9,1,1
BRDA:248,10,0,69
BRDA:248,10,1,1
BRDA:250,11,0,68
BRDA:250,11,1,1
BRDA:252,12,0,66
BRDA:252,12,1,2
BRDA:267,13,0,16
BRDA:267,13,1,50
BRDA:328,14,0,13
BRDA:328,14,1,1
BRDA:333,15,0,11
BRDA:333,15,1,2
BRDA:337,16,0,11
BRDA:337,16,1,0
BRDA:341,17,0,11
BRDA:341,17,1,0
BRDA:343,18,0,11
BRDA:343,18,1,0
BRDA:362,19,0,11
BRDA:362,19,1,1
BRDA:368,20,0,11
BRDA:368,20,1,0
BRDA:369,21,0,3
BRDA:369,21,1,8
BRDA:399,22,0,13
BRDA:399,22,1,1
BRDA:400,23,0,12
BRDA:400,23,1,1
BRDA:401,24,0,12
BRDA:401,24,1,0
BRDA:406,25,0,11
BRDA:406,25,1,1
BRDA:411,26,0,10
BRDA:411,26,1,1
BRDA:415,27,0,9
BRDA:415,27,1,1
BRDA:416,28,0,9
BRDA:416,28,1,0
BRDA:464,29,0,6
BRDA:464,29,1,1
BRDA:465,30,0,6
BRDA:465,30,1,0
BRDA:470,31,0,5
BRDA:470,31,1,1
BRDA:513,32,0,14
BRDA:513,32,1,1
BRDA:518,33,0,11
BRDA:518,33,1,3
BRDA:526,34,0,11
BRDA:526,34,1,0
BRDA:529,35,0,5
BRDA:529,35,1,6
BRDA:531,36,0,11
BRDA:531,36,1,0
BRDA:553,37,0,5
BRDA:553,37,1,1
BRDA:558,38,0,3
BRDA:558,38,1,2
BRDA:559,39,0,3
BRDA:559,39,1,0
BRDA:566,40,0,0
BRDA:566,40,1,3
BRDA:572,41,0,3
BRDA:572,41,1,0
BRDA:602,42,0,18
BRDA:602,42,1,1
BRDA:603,43,0,17
BRDA:603,43,1,1
BRDA:604,44,0,16
BRDA:604,44,1,1
BRDA:605,45,0,16
BRDA:605,45,1,0
BRDA:609,46,0,16
BRDA:609,46,1,0
BRDA:649,47,0,0
BRDA:649,47,1,30
BRDA:656,48,0,30
BRDA:656,48,1,0
BRDA:683,49,0,16
BRDA:683,49,1,1
BRDA:684,50,0,15
BRDA:684,50,1,1
BRDA:685,51,0,14
BRDA:685,51,1,1
BRDA:686,52,0,14
BRDA:686,52,1,0
BRDA:690,53,0,14
BRDA:690,53,1,0
BRDA:701,54,0,13
BRDA:701,54,1,1
BRDA:702,55,0,13
BRDA:702,55,1,0
BRDA:704,56,0,13
BRDA:704,56,1,0
BRF:112
BRH:87
end_of_record
TN:
SF:/Users/noslav/Documents/SimpleToken/temp/openst-protocol/contracts/OpenSTUtilityInterface.sol
FNF:0
FNH:0
LF:0
LH:0
BRF:0
BRH:0
end_of_record
TN:
SF:/Users/noslav/Documents/SimpleToken/temp/openst-protocol/contracts/OpenSTValue.sol
FN:148,onlyRegistrar
FN:154,
FN:183,stake
FN:255,processStaking
FN:293,revertStaking
FN:352,confirmRedemptionIntent
FN:435,verifyRedemptionIntent
FN:463,processUnstaking
FN:496,revertUnstaking
FN:526,core
FN:538,getNextNonce
FN:549,getUuidsSize
FN:556,addCore
FN:574,registerUtilityToken
FN:636,initiateProtocolTransfer
FN:655,revokeProtocolTransfer
FN:666,getStakerAddress
FNF:17
FNH:14
FNDA:150,onlyRegistrar
FNDA:54,
FNDA:60,stake
FNDA:25,processStaking
FNDA:443,revertStaking
FNDA:70,confirmRedemptionIntent
FNDA:0,verifyRedemptionIntent
FNDA:8,processUnstaking
FNDA:23,revertUnstaking
FNDA:1,core
FNDA:16,getNextNonce
FNDA:38,getUuidsSize
FNDA:55,addCore
FNDA:93,registerUtilityToken
FNDA:0,initiateProtocolTransfer
FNDA:0,revokeProtocolTransfer
FNDA:791,getStakerAddress
DA:150,150
DA:151,148
DA:162,54
DA:163,54
DA:164,54
DA:165,54
DA:167,54
DA:168,54
DA:170,54
DA:171,54
DA:174,54
DA:201,60
DA:203,59
DA:204,57
DA:205,56
DA:207,56
DA:211,56
DA:212,55
DA:214,55
DA:216,55
DA:218,55
DA:219,55
DA:221,55
DA:232,55
DA:245,55
DA:246,55
DA:248,55
DA:251,55
DA:261,25
DA:263,24
DA:266,24
DA:272,18
DA:275,18
DA:276,17
DA:277,17
DA:279,17
DA:280,17
DA:282,17
DA:286,17
DA:288,17
DA:290,17
DA:301,443
DA:303,442
DA:304,442
DA:307,442
DA:310,442
DA:311,328
DA:313,5
DA:315,5
DA:317,5
DA:318,5
DA:319,5
DA:321,5
DA:325,5
DA:327,5
DA:329,5
DA:367,70
DA:368,70
DA:369,69
DA:370,68
DA:373,68
DA:375,67
DA:378,65
DA:380,65
DA:390,65
DA:393,65
DA:394,64
DA:397,64
DA:399,60
DA:407,11
DA:417,11
DA:420,11
DA:447,0
DA:450,0
DA:452,0
DA:460,0
DA:470,8
DA:472,7
DA:475,7
DA:480,4
DA:482,4
DA:483,4
DA:484,4
DA:486,4
DA:488,4
DA:491,4
DA:493,4
DA:505,23
DA:507,22
DA:511,22
DA:512,10
DA:514,3
DA:515,3
DA:516,3
DA:517,3
DA:519,3
DA:521,3
DA:523,3
DA:532,1
DA:544,16
DA:550,38
DA:562,55
DA:564,54
DA:565,54
DA:567,54
DA:569,53
DA:571,53
DA:586,93
DA:587,92
DA:588,91
DA:589,90
DA:591,90
DA:592,90
DA:594,90
DA:603,90
DA:605,89
DA:607,88
DA:610,88
DA:620,88
DA:622,88
DA:625,88
DA:643,0
DA:645,0
DA:661,0
DA:663,0
DA:672,791
DA:673,791
DA:675,791
LF:128
LH:120
BRDA:150,1,0,148
BRDA:150,1,1,2
BRDA:162,2,0,54
BRDA:162,2,1,0
BRDA:163,3,0,54
BRDA:163,3,1,0
BRDA:164,4,0,54
BRDA:164,4,1,0
BRDA:165,5,0,54
BRDA:165,5,1,0
BRDA:201,6,0,59
BRDA:201,6,1,1
BRDA:203,7,0,57
BRDA:203,7,1,2
BRDA:204,8,0,56
BRDA:204,8,1,1
BRDA:205,9,0,56
BRDA:205,9,1,0
BRDA:211,10,0,50
BRDA:211,10,1,6
BRDA:211,11,0,49
BRDA:211,11,1,1
BRDA:212,12,0,55
BRDA:212,12,1,0
BRDA:261,13,0,24
BRDA:261,13,1,1
BRDA:266,14,0,18
BRDA:266,14,1,6
BRDA:275,15,0,14
BRDA:275,15,1,4
BRDA:275,16,0,13
BRDA:275,16,1,1
BRDA:277,17,0,17
BRDA:277,17,1,0
BRDA:279,18,0,17
BRDA:279,18,1,0
BRDA:280,19,0,17
BRDA:280,19,1,0
BRDA:301,20,0,442
BRDA:301,20,1,1
BRDA:307,21,0,328
BRDA:307,21,1,114
BRDA:307,22,0,328
BRDA:307,22,1,0
BRDA:310,23,0,328
BRDA:310,23,1,114
BRDA:311,24,0,5
BRDA:311,24,1,323
BRDA:313,25,0,5
BRDA:313,25,1,0
BRDA:315,26,0,5
BRDA:315,26,1,0
BRDA:368,27,0,69
BRDA:368,27,1,1
BRDA:369,28,0,68
BRDA:369,28,1,1
BRDA:370,29,0,68
BRDA:370,29,1,0
BRDA:373,30,0,67
BRDA:373,30,1,1
BRDA:375,31,0,65
BRDA:375,31,1,2
BRDA:393,32,0,64
BRDA:393,32,1,1
BRDA:397,33,0,60
BRDA:397,33,1,4
BRDA:399,34,0,11
BRDA:399,34,1,49
BRDA:450,35,0,0
BRDA:450,35,1,0
BRDA:452,36,0,0
BRDA:452,36,1,0
BRDA:470,37,0,7
BRDA:470,37,1,1
BRDA:475,38,0,4
BRDA:475,38,1,3
BRDA:480,39,0,4
BRDA:480,39,1,0
BRDA:484,40,0,4
BRDA:484,40,1,0
BRDA:486,41,0,4
BRDA:486,41,1,0
BRDA:505,42,0,22
BRDA:505,42,1,1
BRDA:511,43,0,10
BRDA:511,43,1,12
BRDA:512,44,0,3
BRDA:512,44,1,7
BRDA:562,45,0,54
BRDA:562,45,1,1
BRDA:565,46,0,54
BRDA:565,46,1,0
BRDA:567,47,0,53
BRDA:567,47,1,1
BRDA:586,48,0,92
BRDA:586,48,1,1
BRDA:587,49,0,91
BRDA:587,49,1,1
BRDA:588,50,0,90
BRDA:588,50,1,1
BRDA:589,51,0,90
BRDA:589,51,1,0
BRDA:592,52,0,90
BRDA:592,52,1,0
BRDA:603,53,0,89
BRDA:603,53,1,1
BRDA:605,54,0,88
BRDA:605,54,1,1
BRDA:672,55,0,791
BRDA:672,55,1,0
BRF:110
BRH:86
end_of_record
TN:
SF:/Users/noslav/Documents/SimpleToken/temp/openst-protocol/contracts/OpenSTValueInterface.sol
FNF:0
FNH:0
LF:0
LH:0
BRF:0
BRH:0
end_of_record
TN:
SF:/Users/noslav/Documents/SimpleToken/temp/openst-protocol/contracts/OpsManaged.sol
FN:46,
FN:58,onlyAdmin
FN:68,onlyAdminOrOps
FN:78,onlyOwnerOrAdmin
FN:88,onlyOps
FN:100,isAdmin
FN:111,isOps
FN:122,isOwnerOrOps
FN:136,setAdminAddress
FN:158,setOpsAddress
FNF:10
FNH:8
FNDA:141,
FNDA:0,onlyAdmin
FNDA:16,onlyAdminOrOps
FNDA:144,onlyOwnerOrAdmin
FNDA:71,onlyOps
FNDA:86,isAdmin
FNDA:157,isOps
FNDA:0,isOwnerOrOps
FNDA:72,setAdminAddress
FNDA:72,setOpsAddress
DA:59,0
DA:60,0
DA:69,16
DA:70,13
DA:79,144
DA:80,144
DA:89,71
DA:90,67
DA:101,86
DA:112,157
DA:123,0
DA:137,72
DA:138,71
DA:139,70
DA:141,69
DA:143,69
DA:145,69
DA:159,72
DA:160,71
DA:161,70
DA:163,69
DA:165,69
DA:167,69
LF:23
LH:20
BRDA:59,1,0,0
BRDA:59,1,1,0
BRDA:69,2,0,13
BRDA:69,2,1,3
BRDA:79,3,0,144
BRDA:79,3,1,0
BRDA:89,4,0,67
BRDA:89,4,1,4
BRDA:137,5,0,71
BRDA:137,5,1,1
BRDA:138,6,0,70
BRDA:138,6,1,1
BRDA:139,7,0,69
BRDA:139,7,1,1
BRDA:159,8,0,71
BRDA:159,8,1,1
BRDA:160,9,0,70
BRDA:160,9,1,1
BRDA:161,10,0,69
BRDA:161,10,1,1
BRF:20
BRH:17
end_of_record
TN:
SF:/Users/noslav/Documents/SimpleToken/temp/openst-protocol/contracts/Owned.sol
FN:46,
FN:57,onlyOwner
FN:71,isOwner
FN:86,initiateOwnershipTransfer
FN:102,completeOwnershipTransfer
FNF:5
FNH:5
FNDA:244,
FNDA:21,onlyOwner
FNDA:165,isOwner
FNDA:17,initiateOwnershipTransfer
FNDA:12,completeOwnershipTransfer
DA:47,244
DA:58,21
DA:59,19
DA:72,165
DA:87,17
DA:89,17
DA:91,17
DA:103,12
DA:105,10
DA:106,10
DA:108,10
DA:110,10
LF:12
LH:12
BRDA:58,1,0,19
BRDA:58,1,1,2
BRDA:103,2,0,10
BRDA:103,2,1,2
BRF:4
BRH:4
end_of_record
TN:
SF:/Users/noslav/Documents/SimpleToken/temp/openst-protocol/contracts/ProofLib.sol
FN:32,bytes32ToBytes
FN:48,storageVariablePath
FN:73,verifyIntentStorage
FNF:3
FNH:3
FNDA:275,bytes32ToBytes
FNDA:10,storageVariablePath
FNDA:8,verifyIntentStorage
DA:33,275
DA:34,275
DA:37,275
DA:55,10
DA:56,10
DA:57,10
DA:58,10
DA:84,8
DA:86,8
LF:9
LH:9
BRF:0
BRH:0
end_of_record
TN:
SF:/Users/noslav/Documents/SimpleToken/temp/openst-protocol/contracts/ProofLibTest.sol
FN:42,storageVariablePath
FN:67,verifyIntentStorage
FNF:2
FNH:2
FNDA:2,storageVariablePath
FNDA:8,verifyIntentStorage
DA:49,2
DA:78,8
DA:86,2
LF:3
LH:3
BRDA:78,1,0,2
BRDA:78,1,1,6
BRF:2
BRH:2
end_of_record
TN:
SF:/Users/noslav/Documents/SimpleToken/temp/openst-protocol/contracts/ProtocolVersioned.sol
FN:66,onlyProtocol
FN:76,onlyProposedProtocol
FN:87,afterWait
FN:97,notNull
FN:115,
FN:131,initiateProtocolTransfer
FN:157,completeProtocolTransfer
FN:181,revokeProtocolTransfer
FN:202,blocksToWaitForProtocolTransfer
FNF:9
FNH:9
FNDA:60,onlyProtocol
FNDA:3,onlyProposedProtocol
FNDA:2,afterWait
FNDA:179,notNull
FNDA:172,
FNDA:6,initiateProtocolTransfer
FNDA:1,completeProtocolTransfer
FNDA:3,revokeProtocolTransfer
FNDA:1,blocksToWaitForProtocolTransfer
DA:67,60
DA:68,53
DA:77,3
DA:78,2
DA:88,2
DA:89,1
DA:98,179
DA:99,178
DA:119,172
DA:138,6
DA:139,5
DA:141,4
DA:142,4
DA:144,4
DA:146,4
DA:163,1
DA:164,1
DA:165,1
DA:167,1
DA:169,1
DA:186,3
DA:188,2
DA:189,2
DA:190,2
DA:192,2
DA:194,2
DA:203,1
LF:27
LH:27
BRDA:67,1,0,53
BRDA:67,1,1,7
BRDA:77,2,0,2
BRDA:77,2,1,1
BRDA:88,3,0,1
BRDA:88,3,1,1
BRDA:98,4,0,178
BRDA:98,4,1,1
BRDA:138,5,0,5
BRDA:138,5,1,1
BRDA:139,6,0,4
BRDA:139,6,1,1
BRDA:186,7,0,2
BRDA:186,7,1,1
BRF:14
BRH:14
end_of_record
TN:
SF:/Users/noslav/Documents/SimpleToken/temp/openst-protocol/contracts/Registrar.sol
FN:46,
FN:69,confirmRedemptionIntent
FN:112,addCore
FN:140,registerUtilityToken
FN:177,processStaking
FN:210,confirmStakingIntent
FN:256,registerBrandedToken
FN:293,processRedeeming
FNF:8
FNH:6
FNDA:7,
FNDA:5,confirmRedemptionIntent
FNDA:5,addCore
FNDA:5,registerUtilityToken
FNDA:0,processStaking
FNDA:5,confirmStakingIntent
FNDA:3,registerBrandedToken
FNDA:0,processRedeeming
DA:88,5
DA:99,5
DA:122,5
DA:156,5
DA:188,0
DA:229,5
DA:272,3
DA:304,0
LF:8
LH:6
BRF:0
BRH:0
end_of_record
TN:
SF:/Users/noslav/Documents/SimpleToken/temp/openst-protocol/contracts/RLP.sol
FN:37,next
FN:46,next
FN:52,hasNext
FN:66,toRLPItem
FN:86,toRLPItem
FN:104,isNull
FN:115,isList
FN:131,isData
FN:147,isEmpty
FN:165,items
FN:190,iterator
FN:204,toBytes
FN:219,toData
FN:236,toList
FN:256,toAscii
FN:274,toUint
FN:294,toBool
FN:316,toByte
FN:337,toInt
FN:349,toBytes32
FN:361,toAddress
FN:380,_payloadOffset
FN:405,_itemLength
FN:440,_decode
FN:474,_copyToBytes
FN:494,_validate
FNF:26
FNH:16
FNDA:1177,next
FNDA:0,next
FNDA:2472,hasNext
FNDA:52,toRLPItem
FNDA:0,toRLPItem
FNDA:0,isNull
FNDA:357,isList
FNDA:215,isData
FNDA:0,isEmpty
FNDA:118,items
FNDA:118,iterator
FNDA:89,toBytes
FNDA:41,toData
FNDA:121,toList
FNDA:0,toAscii
FNDA:67,toUint
FNDA:0,toBool
FNDA:0,toByte
FNDA:0,toInt
FNDA:67,toBytes32
FNDA:0,toAddress
FNDA:236,_payloadOffset
FNDA:2354,_itemLength
FNDA:107,_decode
FNDA:128,_copyToBytes
FNDA:0,_validate
DA:38,1177
DA:39,1177
DA:40,1177
DA:41,1177
DA:42,1177
DA:43,1177
DA:47,0
DA:48,0
DA:49,0
DA:53,2472
DA:54,2472
DA:67,52
DA:68,52
DA:69,2
DA:71,50
DA:72,50
DA:75,50
DA:87,0
DA:88,0
DA:89,0
DA:90,0
DA:91,0
DA:92,0
DA:94,0
DA:105,0
DA:116,357
DA:117,0
DA:118,357
DA:119,357
DA:132,215
DA:133,0
DA:134,215
DA:135,215
DA:148,0
DA:149,0
DA:150,0
DA:151,0
DA:152,0
DA:155,0
DA:166,118
DA:167,0
DA:168,118
DA:169,118
DA:170,118
DA:173,118
DA:174,118
DA:175,118
DA:176,118
DA:177,1177
DA:178,1177
DA:180,118
DA:191,118
DA:192,118
DA:193,118
DA:194,118
DA:205,89
DA:206,89
DA:207,1
DA:208,88
DA:209,88
DA:220,41
DA:221,40
DA:222,40
DA:223,40
DA:224,40
DA:225,40
DA:237,121
DA:238,118
DA:239,118
DA:240,118
DA:241,118
DA:242,118
DA:243,1177
DA:244,1177
DA:257,0
DA:258,0
DA:259,0
DA:260,0
DA:261,0
DA:262,0
DA:263,0
DA:275,67
DA:276,67
DA:277,67
DA:278,67
DA:279,67
DA:280,2
DA:281,65
DA:295,0
DA:296,0
DA:297,0
DA:298,0
DA:299,0
DA:300,0
DA:301,0
DA:304,0
DA:305,0
DA:317,0
DA:318,0
DA:319,0
DA:320,0
DA:321,0
DA:322,0
DA:323,0
DA:326,0
DA:338,0
DA:350,67
DA:362,0
DA:363,0
DA:364,0
DA:365,0
DA:366,0
DA:367,0
DA:381,236
DA:382,0
DA:383,236
DA:384,236
DA:385,236
DA:388,236
DA:389,0
DA:390,236
DA:391,8
DA:392,228
DA:393,0
DA:394,228
DA:406,2354
DA:407,2354
DA:410,2354
DA:411,10
DA:413,2126
DA:415,16
DA:422,2
DA:424,200
DA:441,107
DA:442,107
DA:443,107
DA:444,107
DA:447,107
DA:448,3
DA:449,3
DA:450,3
DA:452,104
DA:453,96
DA:454,96
DA:456,8
DA:457,8
DA:460,8
DA:461,8
DA:463,104
DA:477,128
DA:496,0
DA:497,0
DA:498,0
DA:499,0
DA:503,0
DA:504,0
DA:505,0
LF:157
LH:96
BRDA:38,1,0,1177
BRDA:38,1,1,0
BRDA:48,2,0,0
BRDA:48,2,1,0
BRDA:68,3,0,2
BRDA:68,3,1,50
BRDA:88,4,0,0
BRDA:88,4,1,0
BRDA:90,5,0,0
BRDA:90,5,1,0
BRDA:91,6,0,0
BRDA:91,6,1,0
BRDA:92,7,0,0
BRDA:92,7,1,0
BRDA:116,8,0,0
BRDA:116,8,1,357
BRDA:132,9,0,0
BRDA:132,9,1,215
BRDA:148,10,0,0
BRDA:148,10,1,0
BRDA:166,11,0,0
BRDA:166,11,1,118
BRDA:191,12,0,118
BRDA:191,12,1,0
BRDA:206,13,0,1
BRDA:206,13,1,88
BRDA:220,14,0,40
BRDA:220,14,1,1
BRDA:237,15,0,118
BRDA:237,15,1,3
BRDA:257,16,0,0
BRDA:257,16,1,0
BRDA:275,17,0,67
BRDA:275,17,1,0
BRDA:279,18,0,2
BRDA:279,18,1,65
BRDA:295,19,0,0
BRDA:295,19,1,0
BRDA:299,20,0,0
BRDA:299,20,1,0
BRDA:304,21,0,0
BRDA:304,21,1,0
BRDA:317,22,0,0
BRDA:317,22,1,0
BRDA:321,23,0,0
BRDA:321,23,1,0
BRDA:362,24,0,0
BRDA:362,24,1,0
BRDA:366,25,0,0
BRDA:366,25,1,0
BRDA:381,26,0,0
BRDA:381,26,1,236
BRDA:388,27,0,0
BRDA:388,27,1,236
BRDA:390,28,0,8
BRDA:390,28,1,228
BRDA:392,29,0,0
BRDA:392,29,1,228
BRDA:410,30,0,10
BRDA:410,30,1,2344
BRDA:412,31,0,2126
BRDA:412,31,1,218
BRDA:414,32,0,16
BRDA:414,32,1,202
BRDA:421,33,0,2
BRDA:421,33,1,200
BRDA:441,34,0,107
BRDA:441,34,1,0
BRDA:447,35,0,3
BRDA:447,35,1,104
BRDA:452,36,0,96
BRDA:452,36,1,8
BRDA:503,37,0,0
BRDA:503,37,1,0
BRF:74
BRH:34
end_of_record
TN:
SF:/Users/noslav/Documents/SimpleToken/temp/openst-protocol/contracts/RLPEncode.sol
FN:10,encodeItem
FN:22,encodeList
FN:33,encodeListWithPasses
FN:46,encodeLength
FN:65,getLengthBytes
FNF:5
FNH:2
FNDA:8,encodeItem
FNDA:0,encodeList
FNDA:0,encodeListWithPasses
FNDA:8,encodeLength
FNDA:0,getLengthBytes
DA:11,8
DA:12,8
DA:13,0
DA:14,0
DA:16,8
DA:18,8
DA:23,0
DA:24,0
DA:25,0
DA:27,0
DA:34,0
DA:35,0
DA:36,0
DA:37,0
DA:39,0
DA:42,0
DA:47,8
DA:48,8
DA:49,8
DA:50,8
DA:53,0
DA:54,0
DA:55,0
DA:56,0
DA:57,0
DA:59,0
DA:60,0
DA:61,0
DA:69,0
DA:70,0
DA:71,0
DA:73,0
DA:74,0
LF:33
LH:8
BRDA:12,1,0,0
BRDA:12,1,1,8
BRDA:36,2,0,0
BRDA:36,2,1,0
BRDA:47,3,0,8
BRDA:47,3,1,0
BRDA:70,4,0,0
BRDA:70,4,1,0
BRF:8
BRH:2
end_of_record
TN:
SF:/Users/noslav/Documents/SimpleToken/temp/openst-protocol/contracts/RLPTest.sol
FN:20,toRLPItem
FN:41,toList
FN:62,toBytes
FN:79,toData
FNF:4
FNH:4
FNDA:3,toRLPItem
FNDA:6,toList
FNDA:3,toBytes
FNDA:2,toData
DA:27,3
DA:28,3
DA:48,6
DA:49,6
DA:51,4
DA:52,4
DA:53,3
DA:68,3
DA:69,3
DA:85,2
DA:86,2
LF:11
LH:11
BRDA:52,1,0,3
BRDA:52,1,1,1
BRF:2
BRH:2
end_of_record
TN:
SF:/Users/noslav/Documents/SimpleToken/temp/openst-protocol/contracts/SafeMath.sol
FN:46,mul
FN:62,div
FN:78,sub
FN:92,add
FNF:4
FNH:4
FNDA:120,mul
FNDA:593,div
FNDA:542,sub
FNDA:465,add
DA:47,120
DA:49,120
DA:51,120
DA:64,593
DA:67,593
DA:79,542
DA:81,532
DA:93,465
DA:95,465
DA:97,465
LF:10
LH:10
BRDA:49,1,0,120
BRDA:49,1,1,0
BRDA:79,2,0,532
BRDA:79,2,1,10
BRDA:95,3,0,465
BRDA:95,3,1,0
BRF:6
BRH:4
end_of_record
TN:
SF:/Users/noslav/Documents/SimpleToken/temp/openst-protocol/contracts/SimpleStake.sol
FN:59,
FN:83,releaseTo
FN:109,getTotalStake
FNF:3
FNH:3
FNDA:91,
FNDA:10,releaseTo
FNDA:12,getTotalStake
DA:66,91
DA:67,91
DA:88,10
DA:89,9
DA:91,8
DA:93,8
DA:113,12
LF:7
LH:7
BRDA:88,1,0,9
BRDA:88,1,1,1
BRDA:89,2,0,8
BRDA:89,2,1,1
BRF:4
BRH:4
end_of_record
TN:
SF:/Users/noslav/Documents/SimpleToken/temp/openst-protocol/contracts/STPrime.sol
FN:62,onlyInitialized
FN:80,
FN:106,initialize
FN:130,claim
FN:157,mint
FN:181,burn
FNF:6
FNH:6
FNDA:21,onlyInitialized
FNDA:21,
FNDA:16,initialize
FNDA:6,claim
FNDA:6,mint
FNDA:8,burn
DA:63,21
DA:64,20
DA:110,16
DA:111,16
DA:136,6
DA:137,6
DA:140,6
DA:142,6
DA:166,6
DA:192,8
DA:194,7
LF:11
LH:11
BRDA:63,1,0,20
BRDA:63,1,1,1
BRDA:110,2,0,16
BRDA:110,2,1,0
BRDA:137,3,0,6
BRDA:137,3,1,0
BRDA:192,4,0,7
BRDA:192,4,1,1
BRF:8
BRH:6
end_of_record
TN:
SF:/Users/noslav/Documents/SimpleToken/temp/openst-protocol/contracts/STPrimeConfig.sol
FNF:0
FNH:0
LF:0
LH:0
BRF:0
BRH:0
end_of_record
TN:
SF:/Users/noslav/Documents/SimpleToken/temp/openst-protocol/contracts/TestUtils.sol
FN:41,getStoragePath
FNF:1
FNH:1
FNDA:54,getStoragePath
DA:47,54
LF:1
LH:1
BRF:0
BRH:0
end_of_record
TN:
SF:/Users/noslav/Documents/SimpleToken/temp/openst-protocol/contracts/UtilityTokenAbstract.sol
FN:88,
FN:125,totalSupply
FN:140,uuid
FN:155,conversionRate
FN:170,conversionRateDecimals
FN:185,genesisChainIdValue
FN:200,genesisChainIdUtility
FN:215,genesisOpenSTUtility
FN:232,unclaimed
FN:252,claimInternal
FN:274,mintInternal
FN:299,burnInternal
FNF:12
FNH:12
FNDA:41,
FNDA:29,totalSupply
FNDA:15,uuid
FNDA:1,conversionRate
FNDA:1,conversionRateDecimals
FNDA:1,genesisChainIdValue
FNDA:1,genesisChainIdUtility
FNDA:1,genesisOpenSTUtility
FNDA:15,unclaimed
FNDA:17,claimInternal
FNDA:20,mintInternal
FNDA:19,burnInternal
DA:99,41
DA:108,41
DA:110,40
DA:111,40
DA:112,40
DA:113,40
DA:114,40
DA:115,40
DA:130,29
DA:145,15
DA:160,1
DA:175,1
DA:190,1
DA:205,1
DA:220,1
DA:238,15
DA:257,17
DA:258,17
DA:260,17
DA:280,20
DA:281,20
DA:283,20
DA:285,20
DA:305,19
DA:307,19
DA:309,19
LF:26
LH:26
BRDA:108,1,0,40
BRDA:108,1,1,1
BRF:2
BRH:2
end_of_record
TN:
SF:/Users/noslav/Documents/SimpleToken/temp/openst-protocol/contracts/UtilityTokenInterface.sol
FNF:0
FNH:0
LF:0
LH:0
BRF:0
BRH:0
end_of_record
TN:
SF:/Users/noslav/Documents/SimpleToken/temp/openst-protocol/contracts/Workers.sol
FN:65,
FN:88,setWorker
FN:115,removeWorker
FN:136,remove
FN:152,isWorker
FN:171,approve
FNF:6
FNH:3
FNDA:57,
FNDA:57,setWorker
FNDA:0,removeWorker
FNDA:0,remove
FNDA:92,isWorker
FNDA:0,approve
DA:70,57
DA:72,57
DA:95,57
DA:96,57
DA:98,57
DA:99,57
DA:101,57
DA:103,57
DA:121,0
DA:123,0
DA:125,0
DA:127,0
DA:140,0
DA:158,92
DA:178,0
DA:180,0
LF:16
LH:9
BRDA:70,1,0,57
BRDA:70,1,1,0
BRDA:95,2,0,57
BRDA:95,2,1,0
BRDA:96,3,0,57
BRDA:96,3,1,0
BRDA:178,4,0,0
BRDA:178,4,1,0
BRF:8
BRH:3
end_of_record
TN:
SF:/Users/noslav/Documents/SimpleToken/temp/openst-protocol/contracts/WorkersInterface.sol
FNF:0
FNH:0
LF:0
LH:0
BRF:0
BRH:0
end_of_record
