TN:
SF:/Users/noslav/Documents/SimpleToken/openst-protocol/contracts/gateway/ProofLib.sol
FN:32,bytes32ToBytes
FN:48,storageVariablePath
FN:73,verifyIntentStorage
FNF:3
FNH:3
FNDA:274,bytes32ToBytes
FNDA:10,storageVariablePath
FNDA:8,verifyIntentStorage
DA:33,274
DA:34,274
DA:37,274
DA:55,10
DA:56,10
DA:57,10
DA:58,10
DA:84,8
DA:86,8
LF:9
LH:9
BRF:0
BRH:0
end_of_record
TN:
SF:/Users/noslav/Documents/SimpleToken/openst-protocol/contracts/gateway/ProofLibTest.sol
FN:42,storageVariablePath
FN:67,verifyIntentStorage
FNF:2
FNH:2
FNDA:2,storageVariablePath
FNDA:8,verifyIntentStorage
DA:49,2
DA:78,8
DA:86,2
LF:3
LH:3
BRDA:78,1,0,2
BRDA:78,1,1,6
BRF:2
BRH:2
end_of_record
TN:
SF:/Users/noslav/Documents/SimpleToken/openst-protocol/contracts/gateway/RLP.sol
FN:37,next
FN:46,hasNext
FN:60,toRLPItem
FN:80,isList
FN:96,isData
FN:113,items
FN:138,iterator
FN:152,toBytes
FN:167,toData
FN:184,toList
FN:204,toUint
FN:225,toBytes32
FN:238,_payloadOffset
FN:263,_itemLength
FN:298,_decode
FN:332,_copyToBytes
FNF:16
FNH:16
FNDA:1177,next
FNDA:2472,hasNext
FNDA:54,toRLPItem
FNDA:240,isList
FNDA:216,isData
FNDA:118,items
FNDA:118,iterator
FNDA:89,toBytes
FNDA:42,toData
FNDA:122,toList
FNDA:67,toUint
FNDA:67,toBytes32
FNDA:236,_payloadOffset
FNDA:2354,_itemLength
FNDA:107,_decode
FNDA:128,_copyToBytes
DA:38,1177
DA:39,1177
DA:40,1177
DA:41,1177
DA:42,1177
DA:43,1177
DA:47,2472
DA:48,2472
DA:61,54
DA:62,54
DA:63,4
DA:65,50
DA:66,50
DA:69,50
DA:81,240
DA:82,1
DA:83,239
DA:84,239
DA:97,216
DA:98,1
DA:99,215
DA:100,215
DA:116,118
DA:117,118
DA:118,118
DA:121,118
DA:122,118
DA:123,118
DA:124,118
DA:125,1177
DA:126,1177
DA:128,118
DA:139,118
DA:140,118
DA:141,118
DA:142,118
DA:153,89
DA:154,89
DA:155,1
DA:156,88
DA:157,88
DA:168,42
DA:169,40
DA:170,40
DA:171,40
DA:172,40
DA:173,40
DA:185,122
DA:186,118
DA:187,118
DA:188,118
DA:189,118
DA:190,118
DA:191,1177
DA:192,1177
DA:205,67
DA:206,67
DA:207,67
DA:208,67
DA:209,67
DA:210,2
DA:211,65
DA:226,67
DA:239,236
DA:240,0
DA:241,236
DA:242,236
DA:243,236
DA:246,236
DA:247,0
DA:248,236
DA:249,8
DA:250,228
DA:251,0
DA:252,228
DA:264,2354
DA:265,2354
DA:268,2354
DA:269,10
DA:271,2126
DA:273,16
DA:280,2
DA:282,200
DA:299,107
DA:300,107
DA:301,107
DA:302,107
DA:305,107
DA:306,3
DA:307,3
DA:308,3
DA:310,104
DA:311,96
DA:312,96
DA:314,8
DA:315,8
DA:318,8
DA:319,8
DA:321,104
DA:335,128
LF:100
LH:97
BRDA:38,1,0,1177
BRDA:38,1,1,0
BRDA:62,2,0,4
BRDA:62,2,1,50
BRDA:81,3,0,1
BRDA:81,3,1,239
BRDA:97,4,0,1
BRDA:97,4,1,215
BRDA:139,5,0,118
BRDA:139,5,1,0
BRDA:154,6,0,1
BRDA:154,6,1,88
BRDA:168,7,0,40
BRDA:168,7,1,2
BRDA:185,8,0,118
BRDA:185,8,1,4
BRDA:205,9,0,67
BRDA:205,9,1,0
BRDA:209,10,0,2
BRDA:209,10,1,65
BRDA:239,11,0,0
BRDA:239,11,1,236
BRDA:246,12,0,0
BRDA:246,12,1,236
BRDA:248,13,0,8
BRDA:248,13,1,228
BRDA:250,14,0,0
BRDA:250,14,1,228
BRDA:268,15,0,10
BRDA:268,15,1,2344
BRDA:270,16,0,2126
BRDA:270,16,1,218
BRDA:272,17,0,16
BRDA:272,17,1,202
BRDA:279,18,0,2
BRDA:279,18,1,200
BRDA:299,19,0,107
BRDA:299,19,1,0
BRDA:305,20,0,3
BRDA:305,20,1,104
BRDA:310,21,0,96
BRDA:310,21,1,8
BRF:42
BRH:35
end_of_record
TN:
SF:/Users/noslav/Documents/SimpleToken/openst-protocol/contracts/gateway/RLPEncode.sol
FN:10,encodeItem
FN:22,encodeList
FN:33,encodeListWithPasses
FN:46,encodeLength
FN:65,getLengthBytes
FNF:5
FNH:2
FNDA:8,encodeItem
FNDA:0,encodeList
FNDA:0,encodeListWithPasses
FNDA:8,encodeLength
FNDA:0,getLengthBytes
DA:11,8
DA:12,8
DA:13,0
DA:14,0
DA:16,8
DA:18,8
DA:23,0
DA:24,0
DA:25,0
DA:27,0
DA:34,0
DA:35,0
DA:36,0
DA:37,0
DA:39,0
DA:42,0
DA:47,8
DA:48,8
DA:49,8
DA:50,8
DA:53,0
DA:54,0
DA:55,0
DA:56,0
DA:57,0
DA:59,0
DA:60,0
DA:61,0
DA:69,0
DA:70,0
DA:71,0
DA:73,0
DA:74,0
LF:33
LH:8
BRDA:12,1,0,0
BRDA:12,1,1,8
BRDA:36,2,0,0
BRDA:36,2,1,0
BRDA:47,3,0,8
BRDA:47,3,1,0
BRDA:70,4,0,0
BRDA:70,4,1,0
BRF:8
BRH:2
end_of_record
TN:
SF:/Users/noslav/Documents/SimpleToken/openst-protocol/contracts/gateway/RLPTest.sol
FN:20,toRLPItem
FN:41,toList
FN:62,toBytes
FN:79,toData
FNF:4
FNH:4
FNDA:3,toRLPItem
FNDA:7,toList
FNDA:3,toBytes
FNDA:3,toData
DA:27,3
DA:28,3
DA:48,7
DA:49,7
DA:51,4
DA:52,4
DA:53,3
DA:68,3
DA:69,3
DA:85,3
DA:86,3
LF:11
LH:11
BRDA:52,1,0,3
BRDA:52,1,1,1
BRF:2
BRH:2
end_of_record
